{"numFailedTestSuites":0,"numFailedTests":0,"numPassedTestSuites":1,"numPassedTests":1,"numPendingTestSuites":0,"numPendingTests":0,"numRuntimeErrorTestSuites":0,"numTodoTests":0,"numTotalTestSuites":1,"numTotalTests":1,"openHandles":[],"snapshot":{"added":0,"didUpdate":false,"failure":false,"filesAdded":0,"filesRemoved":0,"filesRemovedList":[],"filesUnmatched":0,"filesUpdated":0,"matched":0,"total":0,"unchecked":0,"uncheckedKeysByFile":[],"unmatched":0,"updated":0},"startTime":1656676128649,"success":true,"testResults":[{"assertionResults":[{"ancestorTitles":[],"failureMessages":[],"fullName":"renders correctly","location":null,"status":"passed","title":"renders correctly"}],"endTime":1656676133176,"message":"","name":"/Users/parmindersingh/Documents/Timely/__tests__/App-test.tsx","startTime":1656676128716,"status":"passed","summary":""}],"wasInterrupted":false,"coverageMap":{"/Users/parmindersingh/Documents/Timely/src/core/theme.tsx":{"path":"/Users/parmindersingh/Documents/Timely/src/core/theme.tsx","statementMap":{"0":{"start":{"line":3,"column":21},"end":{"line":53,"column":2}}},"fnMap":{},"branchMap":{},"s":{"0":1},"f":{},"b":{},"_coverageSchema":"1a1c01bbd47fc00a2c39e90264f33305004495a9","hash":"16007fd1dbf2a09e28d363638a6371f6ed4c7e06"},"/Users/parmindersingh/Documents/Timely/src/icons/FilterIcon.tsx":{"path":"/Users/parmindersingh/Documents/Timely/src/icons/FilterIcon.tsx","statementMap":{"0":{"start":{"line":4,"column":26},"end":{"line":17,"column":1}},"1":{"start":{"line":5,"column":1},"end":{"line":16,"column":7}}},"fnMap":{"0":{"name":"(anonymous_0)","decl":{"start":{"line":4,"column":26},"end":{"line":4,"column":27}},"loc":{"start":{"line":5,"column":1},"end":{"line":16,"column":7}},"line":5}},"branchMap":{},"s":{"0":1,"1":1},"f":{"0":1},"b":{},"_coverageSchema":"1a1c01bbd47fc00a2c39e90264f33305004495a9","hash":"b00ced7d89c31253f85010113b64208f11626538"},"/Users/parmindersingh/Documents/Timely/src/icons/TrashIcon.tsx":{"path":"/Users/parmindersingh/Documents/Timely/src/icons/TrashIcon.tsx","statementMap":{"0":{"start":{"line":4,"column":25},"end":{"line":17,"column":1}},"1":{"start":{"line":5,"column":1},"end":{"line":16,"column":7}}},"fnMap":{"0":{"name":"(anonymous_0)","decl":{"start":{"line":4,"column":25},"end":{"line":4,"column":26}},"loc":{"start":{"line":5,"column":1},"end":{"line":16,"column":7}},"line":5}},"branchMap":{},"s":{"0":1,"1":0},"f":{"0":0},"b":{},"_coverageSchema":"1a1c01bbd47fc00a2c39e90264f33305004495a9","hash":"d8a4daf1bd475ea8910778d3f4f6ae286683acba"},"/Users/parmindersingh/Documents/Timely/src/icons/index.tsx":{"path":"/Users/parmindersingh/Documents/Timely/src/icons/index.tsx","statementMap":{},"fnMap":{},"branchMap":{},"s":{},"f":{},"b":{},"_coverageSchema":"1a1c01bbd47fc00a2c39e90264f33305004495a9","hash":"39b86571f1bea641836ce7f399610274327af7ae"},"/Users/parmindersingh/Documents/Timely/src/components/Task.tsx":{"path":"/Users/parmindersingh/Documents/Timely/src/components/Task.tsx","statementMap":{"0":{"start":{"line":9,"column":87},"end":{"line":38,"column":1}},"1":{"start":{"line":14,"column":21},"end":{"line":14,"column":46}},"2":{"start":{"line":15,"column":1},"end":{"line":37,"column":3}}},"fnMap":{"0":{"name":"(anonymous_0)","decl":{"start":{"line":9,"column":87},"end":{"line":9,"column":88}},"loc":{"start":{"line":13,"column":6},"end":{"line":38,"column":1}},"line":13}},"branchMap":{"0":{"loc":{"start":{"line":21,"column":17},"end":{"line":21,"column":58}},"type":"cond-expr","locations":[{"start":{"line":21,"column":31},"end":{"line":21,"column":44}},{"start":{"line":21,"column":47},"end":{"line":21,"column":58}}],"line":21},"1":{"loc":{"start":{"line":26,"column":6},"end":{"line":26,"column":112}},"type":"cond-expr","locations":[{"start":{"line":26,"column":20},"end":{"line":26,"column":68}},{"start":{"line":26,"column":71},"end":{"line":26,"column":112}}],"line":26},"2":{"loc":{"start":{"line":27,"column":25},"end":{"line":27,"column":66}},"type":"cond-expr","locations":[{"start":{"line":27,"column":39},"end":{"line":27,"column":52}},{"start":{"line":27,"column":55},"end":{"line":27,"column":66}}],"line":27}},"s":{"0":1,"1":0,"2":0},"f":{"0":0},"b":{"0":[0,0],"1":[0,0],"2":[0,0]},"_coverageSchema":"1a1c01bbd47fc00a2c39e90264f33305004495a9","hash":"2cbf3a586b5ffcabf98691912060e1c9f9ddb164"},"/Users/parmindersingh/Documents/Timely/src/shared/storage.ts":{"path":"/Users/parmindersingh/Documents/Timely/src/shared/storage.ts","statementMap":{"0":{"start":{"line":3,"column":23},"end":{"line":3,"column":35}}},"fnMap":{},"branchMap":{},"s":{"0":1},"f":{},"b":{},"_coverageSchema":"1a1c01bbd47fc00a2c39e90264f33305004495a9","hash":"af62bceebdac53031a2fa0e678e0818cf947d9c5"},"/Users/parmindersingh/Documents/Timely/src/components/TasksList.tsx":{"path":"/Users/parmindersingh/Documents/Timely/src/components/TasksList.tsx","statementMap":{"0":{"start":{"line":10,"column":25},"end":{"line":153,"column":1}},"1":{"start":{"line":11,"column":33},"end":{"line":11,"column":51}},"2":{"start":{"line":12,"column":47},"end":{"line":12,"column":62}},"3":{"start":{"line":13,"column":27},"end":{"line":13,"column":51}},"4":{"start":{"line":14,"column":18},"end":{"line":14,"column":31}},"5":{"start":{"line":15,"column":23},"end":{"line":18,"column":2}},"6":{"start":{"line":16,"column":9},"end":{"line":16,"column":95}},"7":{"start":{"line":20,"column":25},"end":{"line":25,"column":2}},"8":{"start":{"line":20,"column":54},"end":{"line":25,"column":2}},"9":{"start":{"line":21,"column":29},"end":{"line":21,"column":86}},"10":{"start":{"line":22,"column":22},"end":{"line":22,"column":44}},"11":{"start":{"line":23,"column":22},"end":{"line":23,"column":68}},"12":{"start":{"line":24,"column":2},"end":{"line":24,"column":24}},"13":{"start":{"line":27,"column":26},"end":{"line":39,"column":2}},"14":{"start":{"line":28,"column":2},"end":{"line":30,"column":3}},"15":{"start":{"line":29,"column":3},"end":{"line":29,"column":10}},"16":{"start":{"line":31,"column":28},"end":{"line":31,"column":62}},"17":{"start":{"line":32,"column":2},"end":{"line":34,"column":3}},"18":{"start":{"line":33,"column":3},"end":{"line":33,"column":10}},"19":{"start":{"line":35,"column":28},"end":{"line":35,"column":98}},"20":{"start":{"line":36,"column":22},"end":{"line":36,"column":50}},"21":{"start":{"line":37,"column":2},"end":{"line":37,"column":24}},"22":{"start":{"line":38,"column":2},"end":{"line":38,"column":18}},"23":{"start":{"line":41,"column":28},"end":{"line":45,"column":2}},"24":{"start":{"line":44,"column":2},"end":{"line":44,"column":39}},"25":{"start":{"line":47,"column":26},"end":{"line":51,"column":2}},"26":{"start":{"line":47,"column":55},"end":{"line":51,"column":2}},"27":{"start":{"line":48,"column":18},"end":{"line":48,"column":40}},"28":{"start":{"line":49,"column":21},"end":{"line":49,"column":48}},"29":{"start":{"line":50,"column":2},"end":{"line":50,"column":23}},"30":{"start":{"line":53,"column":22},"end":{"line":56,"column":7}},"31":{"start":{"line":54,"column":2},"end":{"line":54,"column":38}},"32":{"start":{"line":55,"column":2},"end":{"line":55,"column":57}},"33":{"start":{"line":58,"column":1},"end":{"line":64,"column":27}},"34":{"start":{"line":59,"column":2},"end":{"line":62,"column":3}},"35":{"start":{"line":60,"column":3},"end":{"line":60,"column":27}},"36":{"start":{"line":61,"column":3},"end":{"line":61,"column":10}},"37":{"start":{"line":63,"column":2},"end":{"line":63,"column":22}},"38":{"start":{"line":66,"column":23},"end":{"line":78,"column":7}},"39":{"start":{"line":67,"column":2},"end":{"line":77,"column":3}},"40":{"start":{"line":68,"column":18},"end":{"line":68,"column":48}},"41":{"start":{"line":69,"column":3},"end":{"line":69,"column":27}},"42":{"start":{"line":70,"column":3},"end":{"line":74,"column":4}},"43":{"start":{"line":71,"column":21},"end":{"line":71,"column":53}},"44":{"start":{"line":72,"column":4},"end":{"line":72,"column":30}},"45":{"start":{"line":73,"column":4},"end":{"line":73,"column":23}},"46":{"start":{"line":76,"column":3},"end":{"line":76,"column":20}},"47":{"start":{"line":80,"column":1},"end":{"line":82,"column":21}},"48":{"start":{"line":81,"column":2},"end":{"line":81,"column":18}},"49":{"start":{"line":84,"column":1},"end":{"line":152,"column":3}},"50":{"start":{"line":109,"column":6},"end":{"line":109,"column":112}}},"fnMap":{"0":{"name":"(anonymous_0)","decl":{"start":{"line":10,"column":25},"end":{"line":10,"column":26}},"loc":{"start":{"line":10,"column":31},"end":{"line":153,"column":1}},"line":10},"1":{"name":"(anonymous_1)","decl":{"start":{"line":16,"column":2},"end":{"line":16,"column":3}},"loc":{"start":{"line":16,"column":9},"end":{"line":16,"column":95}},"line":16},"2":{"name":"(anonymous_2)","decl":{"start":{"line":20,"column":25},"end":{"line":20,"column":26}},"loc":{"start":{"line":20,"column":54},"end":{"line":25,"column":2}},"line":20},"3":{"name":"(anonymous_3)","decl":{"start":{"line":20,"column":54},"end":{"line":20,"column":55}},"loc":{"start":{"line":20,"column":60},"end":{"line":25,"column":2}},"line":20},"4":{"name":"(anonymous_4)","decl":{"start":{"line":27,"column":26},"end":{"line":27,"column":27}},"loc":{"start":{"line":27,"column":32},"end":{"line":39,"column":2}},"line":27},"5":{"name":"(anonymous_5)","decl":{"start":{"line":41,"column":28},"end":{"line":41,"column":29}},"loc":{"start":{"line":41,"column":34},"end":{"line":45,"column":2}},"line":41},"6":{"name":"(anonymous_6)","decl":{"start":{"line":47,"column":26},"end":{"line":47,"column":27}},"loc":{"start":{"line":47,"column":55},"end":{"line":51,"column":2}},"line":47},"7":{"name":"(anonymous_7)","decl":{"start":{"line":47,"column":55},"end":{"line":47,"column":56}},"loc":{"start":{"line":47,"column":61},"end":{"line":51,"column":2}},"line":47},"8":{"name":"(anonymous_8)","decl":{"start":{"line":53,"column":34},"end":{"line":53,"column":35}},"loc":{"start":{"line":53,"column":64},"end":{"line":56,"column":2}},"line":53},"9":{"name":"(anonymous_9)","decl":{"start":{"line":58,"column":11},"end":{"line":58,"column":12}},"loc":{"start":{"line":58,"column":17},"end":{"line":64,"column":2}},"line":58},"10":{"name":"(anonymous_10)","decl":{"start":{"line":66,"column":35},"end":{"line":66,"column":36}},"loc":{"start":{"line":66,"column":47},"end":{"line":78,"column":2}},"line":66},"11":{"name":"(anonymous_11)","decl":{"start":{"line":80,"column":11},"end":{"line":80,"column":12}},"loc":{"start":{"line":80,"column":17},"end":{"line":82,"column":2}},"line":80},"12":{"name":"(anonymous_12)","decl":{"start":{"line":108,"column":24},"end":{"line":108,"column":25}},"loc":{"start":{"line":109,"column":6},"end":{"line":109,"column":112}},"line":109}},"branchMap":{"0":{"loc":{"start":{"line":16,"column":9},"end":{"line":16,"column":95}},"type":"cond-expr","locations":[{"start":{"line":16,"column":27},"end":{"line":16,"column":82}},{"start":{"line":16,"column":85},"end":{"line":16,"column":95}}],"line":16},"1":{"loc":{"start":{"line":28,"column":2},"end":{"line":30,"column":3}},"type":"if","locations":[{"start":{"line":28,"column":2},"end":{"line":30,"column":3}},{"start":{},"end":{}}],"line":28},"2":{"loc":{"start":{"line":32,"column":2},"end":{"line":34,"column":3}},"type":"if","locations":[{"start":{"line":32,"column":2},"end":{"line":34,"column":3}},{"start":{},"end":{}}],"line":32},"3":{"loc":{"start":{"line":59,"column":2},"end":{"line":62,"column":3}},"type":"if","locations":[{"start":{"line":59,"column":2},"end":{"line":62,"column":3}},{"start":{},"end":{}}],"line":59},"4":{"loc":{"start":{"line":70,"column":3},"end":{"line":74,"column":4}},"type":"if","locations":[{"start":{"line":70,"column":3},"end":{"line":74,"column":4}},{"start":{},"end":{}}],"line":70},"5":{"loc":{"start":{"line":97,"column":37},"end":{"line":97,"column":82}},"type":"cond-expr","locations":[{"start":{"line":97,"column":55},"end":{"line":97,"column":68}},{"start":{"line":97,"column":71},"end":{"line":97,"column":82}}],"line":97},"6":{"loc":{"start":{"line":112,"column":5},"end":{"line":124,"column":12}},"type":"cond-expr","locations":[{"start":{"line":113,"column":5},"end":{"line":117,"column":14}},{"start":{"line":118,"column":8},"end":{"line":124,"column":12}}],"line":112},"7":{"loc":{"start":{"line":118,"column":8},"end":{"line":124,"column":12}},"type":"cond-expr","locations":[{"start":{"line":119,"column":5},"end":{"line":123,"column":14}},{"start":{"line":124,"column":8},"end":{"line":124,"column":12}}],"line":118}},"s":{"0":1,"1":1,"2":1,"3":1,"4":1,"5":1,"6":1,"7":1,"8":0,"9":0,"10":0,"11":0,"12":0,"13":1,"14":0,"15":0,"16":0,"17":0,"18":0,"19":0,"20":0,"21":0,"22":0,"23":1,"24":0,"25":1,"26":0,"27":0,"28":0,"29":0,"30":1,"31":0,"32":0,"33":1,"34":1,"35":1,"36":1,"37":0,"38":1,"39":1,"40":1,"41":1,"42":1,"43":0,"44":0,"45":0,"46":0,"47":1,"48":1,"49":1,"50":0},"f":{"0":1,"1":1,"2":0,"3":0,"4":0,"5":0,"6":0,"7":0,"8":0,"9":1,"10":1,"11":1,"12":0},"b":{"0":[0,1],"1":[0,0],"2":[0,0],"3":[1,0],"4":[0,1],"5":[0,1],"6":[1,0],"7":[0,0]},"_coverageSchema":"1a1c01bbd47fc00a2c39e90264f33305004495a9","hash":"a027cda8524c9eb83a4c86d3ab69287820009137"},"/Users/parmindersingh/Documents/Timely/src/Shell.tsx":{"path":"/Users/parmindersingh/Documents/Timely/src/Shell.tsx","statementMap":{"0":{"start":{"line":8,"column":18},"end":{"line":16,"column":1}},"1":{"start":{"line":9,"column":1},"end":{"line":15,"column":3}},"2":{"start":{"line":29,"column":21},"end":{"line":29,"column":30}}},"fnMap":{"0":{"name":"(anonymous_0)","decl":{"start":{"line":8,"column":18},"end":{"line":8,"column":19}},"loc":{"start":{"line":8,"column":24},"end":{"line":16,"column":1}},"line":8}},"branchMap":{},"s":{"0":1,"1":1,"2":1},"f":{"0":1},"b":{},"_coverageSchema":"1a1c01bbd47fc00a2c39e90264f33305004495a9","hash":"48a9b9441094dd30b10d2db438fd58aa364dcd84"}}}