{"total": {"lines":{"total":61,"covered":33,"skipped":0,"pct":54.09},"statements":{"total":63,"covered":33,"skipped":0,"pct":52.38},"functions":{"total":17,"covered":7,"skipped":0,"pct":41.17},"branches":{"total":22,"covered":5,"skipped":0,"pct":22.72},"branchesTrue":{"total":0,"covered":0,"skipped":0,"pct":100}}
,"/Users/parmindersingh/Documents/Timely/src/Shell.tsx": {"lines":{"total":3,"covered":3,"skipped":0,"pct":100},"functions":{"total":1,"covered":1,"skipped":0,"pct":100},"statements":{"total":3,"covered":3,"skipped":0,"pct":100},"branches":{"total":0,"covered":0,"skipped":0,"pct":100}}
,"/Users/parmindersingh/Documents/Timely/src/components/Task.tsx": {"lines":{"total":3,"covered":1,"skipped":0,"pct":33.33},"functions":{"total":1,"covered":0,"skipped":0,"pct":0},"statements":{"total":3,"covered":1,"skipped":0,"pct":33.33},"branches":{"total":6,"covered":0,"skipped":0,"pct":0}}
,"/Users/parmindersingh/Documents/Timely/src/components/TasksList.tsx": {"lines":{"total":49,"covered":24,"skipped":0,"pct":48.97},"functions":{"total":13,"covered":5,"skipped":0,"pct":38.46},"statements":{"total":51,"covered":24,"skipped":0,"pct":47.05},"branches":{"total":16,"covered":5,"skipped":0,"pct":31.25}}
,"/Users/parmindersingh/Documents/Timely/src/core/theme.tsx": {"lines":{"total":1,"covered":1,"skipped":0,"pct":100},"functions":{"total":0,"covered":0,"skipped":0,"pct":100},"statements":{"total":1,"covered":1,"skipped":0,"pct":100},"branches":{"total":0,"covered":0,"skipped":0,"pct":100}}
,"/Users/parmindersingh/Documents/Timely/src/icons/FilterIcon.tsx": {"lines":{"total":2,"covered":2,"skipped":0,"pct":100},"functions":{"total":1,"covered":1,"skipped":0,"pct":100},"statements":{"total":2,"covered":2,"skipped":0,"pct":100},"branches":{"total":0,"covered":0,"skipped":0,"pct":100}}
,"/Users/parmindersingh/Documents/Timely/src/icons/TrashIcon.tsx": {"lines":{"total":2,"covered":1,"skipped":0,"pct":50},"functions":{"total":1,"covered":0,"skipped":0,"pct":0},"statements":{"total":2,"covered":1,"skipped":0,"pct":50},"branches":{"total":0,"covered":0,"skipped":0,"pct":100}}
,"/Users/parmindersingh/Documents/Timely/src/icons/index.tsx": {"lines":{"total":0,"covered":0,"skipped":0,"pct":0},"functions":{"total":0,"covered":0,"skipped":0,"pct":0},"statements":{"total":0,"covered":0,"skipped":0,"pct":0},"branches":{"total":0,"covered":0,"skipped":0,"pct":0}}
,"/Users/parmindersingh/Documents/Timely/src/shared/storage.ts": {"lines":{"total":1,"covered":1,"skipped":0,"pct":100},"functions":{"total":0,"covered":0,"skipped":0,"pct":100},"statements":{"total":1,"covered":1,"skipped":0,"pct":100},"branches":{"total":0,"covered":0,"skipped":0,"pct":100}}
}
